This file contains any messages produced by compilers while
running configure, to aid debugging if configure makes a mistake.

It was created by snappy configure 1.1.1, which was
generated by GNU Autoconf 2.68.  Invocation command line was

  $ ./configure 

## --------- ##
## Platform. ##
## --------- ##

hostname = bakpc
uname -m = i686
uname -r = 1.0.17(0.48/3/2)
uname -s = MINGW32_NT-6.1
uname -v = 2011-04-24 23:39

/usr/bin/uname -p = unknown
/bin/uname -X     = unknown

/bin/arch              = unknown
/usr/bin/arch -k       = unknown
/usr/convex/getsysinfo = unknown
/usr/bin/hostinfo      = unknown
/bin/machine           = unknown
/usr/bin/oslevel       = unknown
/bin/universe          = unknown

PATH: .
PATH: /usr/local/bin
PATH: /mingw/bin
PATH: /bin
PATH: /c/Qt/Qt5.0.2/Tools/MinGW/bin
PATH: /c/Program Files/CMake 2.8/bin


## ----------- ##
## Core tests. ##
## ----------- ##

configure:2575: checking for a BSD-compatible install
configure:2643: result: /bin/install -c
configure:2654: checking whether build environment is sane
configure:2704: result: yes
configure:2845: checking for a thread-safe mkdir -p
configure:2884: result: /bin/mkdir -p
configure:2897: checking for gawk
configure:2913: found /bin/gawk
configure:2924: result: gawk
configure:2935: checking whether make sets $(MAKE)
configure:2957: result: yes
configure:3067: checking build system type
configure:3081: result: i686-pc-mingw32
configure:3101: checking host system type
configure:3114: result: i686-pc-mingw32
configure:3155: checking how to print strings
configure:3182: result: printf
configure:3215: checking for style of include used by make
configure:3243: result: GNU
configure:3314: checking for gcc
configure:3330: found /c/Qt/Qt5.0.2/Tools/MinGW/bin/gcc
configure:3341: result: gcc
configure:3570: checking for C compiler version
configure:3579: gcc --version >&5
gcc.exe (Built by MinGW-builds project) 4.7.2
Copyright (C) 2012 Free Software Foundation, Inc.
This is free software; see the source for copying conditions.  There is NO
warranty; not even for MERCHANTABILITY or FITNESS FOR A PARTICULAR PURPOSE.

configure:3590: $? = 0
configure:3579: gcc -v >&5
Using built-in specs.
COLLECT_GCC=c:\Qt\Qt5.0.2\Tools\MinGW\bin\gcc.exe
COLLECT_LTO_WRAPPER=c:/qt/qt5.0.2/tools/mingw/bin/../libexec/gcc/i686-w64-mingw32/4.7.2/lto-wrapper.exe
Target: i686-w64-mingw32
Configured with: ../../../src/gcc-4.7.2/configure --host=i686-w64-mingw32 --build=i686-w64-mingw32 --target=i686-w64-mingw32 --prefix=/temp/x32-4.7.2-posix-sjlj-r8/prefix --with-sysroot=/temp/x32-4.7.2-posix-sjlj-r8/prefix --enable-shared --enable-static --enable-targets=all --enable-multilib --enable-languages=c,c++,fortran,lto --enable-libstdcxx-time=yes --enable-threads=posix --enable-libgomp --enable-lto --enable-graphite --enable-cloog-backend=isl --enable-checking=release --enable-fully-dynamic-string --enable-version-specific-runtime-libs --enable-sjlj-exceptions --disable-ppl-version-check --disable-cloog-version-check --disable-libstdcxx-pch --disable-libstdcxx-debug --disable-bootstrap --disable-rpath --disable-win32-registry --disable-nls --disable-werror --disable-symvers --with-gnu-as --with-gnu-ld --with-arch-32=i686 --with-arch-64=nocona --with-tune-32=core2 --with-tune-64=core2 --with-host-libstdcxx='-static -lstdc++' --with-libiconv --with-system-zlib --with-gmp=/temp/mingw-prereq/i686-w64-mingw32-static --with-mpfr=/temp/mingw-prereq/i686-w64-mingw32-static --with-mpc=/temp/mingw-prereq/i686-w64-mingw32-static --with-ppl=/temp/mingw-prereq/i686-w64-mingw32-static --with-cloog=/temp/mingw-prereq/i686-w64-mingw32-static --with-pkgversion='Built by MinGW-builds project' --with-bugurl=http://sourceforge.net/projects/mingwbuilds/ CFLAGS='-O2 -pipe -fomit-frame-pointer -I/temp/x32-4.7.2-posix-sjlj-r8/libs/include -I/temp/mingw-prereq/x32-zlib/include -I/temp/mingw-prereq/i686-w64-mingw32-static/include' CXXFLAGS='-O2 -pipe -fomit-frame-pointer -I/temp/x32-4.7.2-posix-sjlj-r8/libs/include -I/temp/mingw-prereq/x32-zlib/include -I/temp/mingw-prereq/i686-w64-mingw32-static/include' CPPFLAGS= LDFLAGS='-pipe -L/temp/x32-4.7.2-posix-sjlj-r8/libs/lib -L/temp/mingw-prereq/x32-zlib/lib -L/temp/mingw-prereq/i686-w64-mingw32-static/lib -L/temp/x32-4.7.2-posix-sjlj-r8/prefix/opt/lib'
Thread model: posix
gcc version 4.7.2 (Built by MinGW-builds project) 
configure:3590: $? = 0
configure:3579: gcc -V >&5
gcc.exe: error: unrecognized command line option '-V'
gcc.exe: fatal error: no input files
compilation terminated.
configure:3590: $? = 1
configure:3579: gcc -qversion >&5
gcc.exe: error: unrecognized command line option '-qversion'
gcc.exe: fatal error: no input files
compilation terminated.
configure:3590: $? = 1
configure:3610: checking whether the C compiler works
configure:3632: gcc    conftest.c  >&5
configure:3636: $? = 0
configure:3684: result: yes
configure:3687: checking for C compiler default output file name
configure:3689: result: a.exe
configure:3695: checking for suffix of executables
configure:3702: gcc -o conftest.exe    conftest.c  >&5
configure:3706: $? = 0
configure:3728: result: .exe
configure:3750: checking whether we are cross compiling
configure:3758: gcc -o conftest.exe    conftest.c  >&5
configure:3762: $? = 0
configure:3769: ./conftest.exe
configure:3773: $? = 0
configure:3788: result: no
configure:3793: checking for suffix of object files
configure:3815: gcc -c   conftest.c >&5
configure:3819: $? = 0
configure:3840: result: o
configure:3844: checking whether we are using the GNU C compiler
configure:3863: gcc -c   conftest.c >&5
configure:3863: $? = 0
configure:3872: result: yes
configure:3881: checking whether gcc accepts -g
configure:3901: gcc -c -g  conftest.c >&5
configure:3901: $? = 0
configure:3942: result: yes
configure:3959: checking for gcc option to accept ISO C89
configure:4023: gcc  -c -g -O2  conftest.c >&5
configure:4023: $? = 0
configure:4036: result: none needed
configure:4058: checking dependency style of gcc
configure:4169: result: gcc3
configure:4184: checking for a sed that does not truncate output
configure:4248: result: /bin/sed
configure:4266: checking for grep that handles long lines and -e
configure:4324: result: /bin/grep
configure:4329: checking for egrep
configure:4391: result: /bin/grep -E
configure:4396: checking for fgrep
configure:4458: result: /bin/grep -F
configure:4493: checking for ld used by gcc
configure:4560: result: c:/qt/qt5.0.2/tools/mingw/i686-w64-mingw32/bin/ld.exe
configure:4567: checking if the linker (c:/qt/qt5.0.2/tools/mingw/i686-w64-mingw32/bin/ld.exe) is GNU ld
configure:4582: result: yes
configure:4594: checking for BSD- or MS-compatible name lister (nm)
configure:4643: result: /c/Qt/Qt5.0.2/Tools/MinGW/bin/nm
configure:4773: checking the name lister (/c/Qt/Qt5.0.2/Tools/MinGW/bin/nm) interface
configure:4780: gcc -c -g -O2  conftest.c >&5
configure:4783: /c/Qt/Qt5.0.2/Tools/MinGW/bin/nm "conftest.o"
configure:4786: output
00000000 b .bss
00000000 d .data
00000000 N .debug_abbrev
00000000 N .debug_aranges
00000000 N .debug_info
00000000 N .debug_line
00000000 t .text
00000000 B _some_variable
configure:4793: result: BSD nm
configure:4796: checking whether ln -s works
configure:4803: result: no, using cp -p
configure:4808: checking the maximum length of command line arguments
configure:4938: result: 8192
configure:4955: checking whether the shell understands some XSI constructs
configure:4965: result: yes
configure:4969: checking whether the shell understands "+="
configure:4975: result: yes
configure:5010: checking how to convert i686-pc-mingw32 file names to i686-pc-mingw32 format
configure:5050: result: func_convert_file_msys_to_w32
configure:5057: checking how to convert i686-pc-mingw32 file names to toolchain format
configure:5077: result: func_convert_file_msys_to_w32
configure:5084: checking for c:/qt/qt5.0.2/tools/mingw/i686-w64-mingw32/bin/ld.exe option to reload object files
configure:5091: result: -r
configure:5165: checking for objdump
configure:5181: found /c/Qt/Qt5.0.2/Tools/MinGW/bin/objdump
configure:5192: result: objdump
configure:5224: checking how to recognize dependent libraries
configure:5426: result: file_magic ^x86 archive import|^x86 DLL
configure:5511: checking for dlltool
configure:5527: found /c/Qt/Qt5.0.2/Tools/MinGW/bin/dlltool
configure:5538: result: dlltool
configure:5571: checking how to associate runtime and link libraries
configure:5598: result: func_cygming_dll_for_implib
configure:5659: checking for ar
configure:5675: found /c/Qt/Qt5.0.2/Tools/MinGW/bin/ar
configure:5686: result: ar
configure:5723: checking for archiver @FILE support
configure:5740: gcc -c -g -O2  conftest.c >&5
configure:5740: $? = 0
configure:5743: ar cru libconftest.a @conftest.lst >&5
configure:5746: $? = 0
configure:5751: ar cru libconftest.a @conftest.lst >&5
c:\Qt\Qt5.0.2\Tools\MinGW\bin\ar.exe: conftest.o: No such file or directory
configure:5754: $? = 1
configure:5766: result: @
configure:5824: checking for strip
configure:5840: found /c/Qt/Qt5.0.2/Tools/MinGW/bin/strip
configure:5851: result: strip
configure:5923: checking for ranlib
configure:5939: found /c/Qt/Qt5.0.2/Tools/MinGW/bin/ranlib
configure:5950: result: ranlib
configure:6052: checking command to parse /c/Qt/Qt5.0.2/Tools/MinGW/bin/nm output from gcc object
configure:6172: gcc -c -g -O2  conftest.c >&5
configure:6175: $? = 0
configure:6179: /c/Qt/Qt5.0.2/Tools/MinGW/bin/nm conftest.o \| sed -n -e 's/^.*[ ]\([ABCDGIRSTW][ABCDGIRSTW]*\)[ ][ ]*\([_A-Za-z][_A-Za-z0-9]*\)\{0,1\}$/\1 \2 \2/p' | sed '/ __gnu_lto/d' \> conftest.nm
configure:6182: $? = 0
cannot find nm_test_var in conftest.nm
configure:6172: gcc -c -g -O2  conftest.c >&5
configure:6175: $? = 0
configure:6179: /c/Qt/Qt5.0.2/Tools/MinGW/bin/nm conftest.o \| sed -n -e 's/^.*[ ]\([ABCDGIRSTW][ABCDGIRSTW]*\)[ ][ ]*_\([_A-Za-z][_A-Za-z0-9]*\)\{0,1\}$/\1 _\2 \2/p' | sed '/ __gnu_lto/d' \> conftest.nm
configure:6182: $? = 0
configure:6248: gcc -o conftest.exe -g -O2   conftest.c conftstm.o >&5
configure:6251: $? = 0
configure:6289: result: ok
configure:6326: checking for sysroot
configure:6356: result: no
configure:6612: checking for mt
configure:6642: result: no
configure:6662: checking if : is a manifest tool
configure:6668: : '-?'
configure:6676: result: no
configure:7318: checking how to run the C preprocessor
configure:7349: gcc -E  conftest.c
configure:7349: $? = 0
configure:7363: gcc -E  conftest.c
conftest.c:11:28: fatal error: ac_nonexistent.h: No such file or directory
compilation terminated.
configure:7363: $? = 1
configure: failed program was:
| /* confdefs.h */
| #define PACKAGE_NAME "snappy"
| #define PACKAGE_TARNAME "snappy"
| #define PACKAGE_VERSION "1.1.1"
| #define PACKAGE_STRING "snappy 1.1.1"
| #define PACKAGE_BUGREPORT ""
| #define PACKAGE_URL ""
| #define PACKAGE "snappy"
| #define VERSION "1.1.1"
| /* end confdefs.h.  */
| #include <ac_nonexistent.h>
configure:7388: result: gcc -E
configure:7408: gcc -E  conftest.c
configure:7408: $? = 0
configure:7422: gcc -E  conftest.c
conftest.c:11:28: fatal error: ac_nonexistent.h: No such file or directory
compilation terminated.
configure:7422: $? = 1
configure: failed program was:
| /* confdefs.h */
| #define PACKAGE_NAME "snappy"
| #define PACKAGE_TARNAME "snappy"
| #define PACKAGE_VERSION "1.1.1"
| #define PACKAGE_STRING "snappy 1.1.1"
| #define PACKAGE_BUGREPORT ""
| #define PACKAGE_URL ""
| #define PACKAGE "snappy"
| #define VERSION "1.1.1"
| /* end confdefs.h.  */
| #include <ac_nonexistent.h>
configure:7451: checking for ANSI C header files
configure:7471: gcc -c -g -O2  conftest.c >&5
configure:7471: $? = 0
configure:7544: gcc -o conftest.exe -g -O2   conftest.c  >&5
configure:7544: $? = 0
configure:7544: ./conftest.exe
configure:7544: $? = 0
configure:7555: result: yes
configure:7568: checking for sys/types.h
configure:7568: gcc -c -g -O2  conftest.c >&5
configure:7568: $? = 0
configure:7568: result: yes
configure:7568: checking for sys/stat.h
configure:7568: gcc -c -g -O2  conftest.c >&5
configure:7568: $? = 0
configure:7568: result: yes
configure:7568: checking for stdlib.h
configure:7568: gcc -c -g -O2  conftest.c >&5
configure:7568: $? = 0
configure:7568: result: yes
configure:7568: checking for string.h
configure:7568: gcc -c -g -O2  conftest.c >&5
configure:7568: $? = 0
configure:7568: result: yes
configure:7568: checking for memory.h
configure:7568: gcc -c -g -O2  conftest.c >&5
configure:7568: $? = 0
configure:7568: result: yes
configure:7568: checking for strings.h
configure:7568: gcc -c -g -O2  conftest.c >&5
configure:7568: $? = 0
configure:7568: result: yes
configure:7568: checking for inttypes.h
configure:7568: gcc -c -g -O2  conftest.c >&5
configure:7568: $? = 0
configure:7568: result: yes
configure:7568: checking for stdint.h
configure:7568: gcc -c -g -O2  conftest.c >&5
configure:7568: $? = 0
configure:7568: result: yes
configure:7568: checking for unistd.h
configure:7568: gcc -c -g -O2  conftest.c >&5
configure:7568: $? = 0
configure:7568: result: yes
configure:7582: checking for dlfcn.h
configure:7582: gcc -c -g -O2  conftest.c >&5
conftest.c:55:19: fatal error: dlfcn.h: No such file or directory
compilation terminated.
configure:7582: $? = 1
configure: failed program was:
| /* confdefs.h */
| #define PACKAGE_NAME "snappy"
| #define PACKAGE_TARNAME "snappy"
| #define PACKAGE_VERSION "1.1.1"
| #define PACKAGE_STRING "snappy 1.1.1"
| #define PACKAGE_BUGREPORT ""
| #define PACKAGE_URL ""
| #define PACKAGE "snappy"
| #define VERSION "1.1.1"
| #define STDC_HEADERS 1
| #define HAVE_SYS_TYPES_H 1
| #define HAVE_SYS_STAT_H 1
| #define HAVE_STDLIB_H 1
| #define HAVE_STRING_H 1
| #define HAVE_MEMORY_H 1
| #define HAVE_STRINGS_H 1
| #define HAVE_INTTYPES_H 1
| #define HAVE_STDINT_H 1
| #define HAVE_UNISTD_H 1
| /* end confdefs.h.  */
| #include <stdio.h>
| #ifdef HAVE_SYS_TYPES_H
| # include <sys/types.h>
| #endif
| #ifdef HAVE_SYS_STAT_H
| # include <sys/stat.h>
| #endif
| #ifdef STDC_HEADERS
| # include <stdlib.h>
| # include <stddef.h>
| #else
| # ifdef HAVE_STDLIB_H
| #  include <stdlib.h>
| # endif
| #endif
| #ifdef HAVE_STRING_H
| # if !defined STDC_HEADERS && defined HAVE_MEMORY_H
| #  include <memory.h>
| # endif
| # include <string.h>
| #endif
| #ifdef HAVE_STRINGS_H
| # include <strings.h>
| #endif
| #ifdef HAVE_INTTYPES_H
| # include <inttypes.h>
| #endif
| #ifdef HAVE_STDINT_H
| # include <stdint.h>
| #endif
| #ifdef HAVE_UNISTD_H
| # include <unistd.h>
| #endif
| 
| #include <dlfcn.h>
configure:7582: result: no
configure:7788: checking for objdir
configure:7803: result: .libs
configure:8070: checking if gcc supports -fno-rtti -fno-exceptions
configure:8088: gcc -c -g -O2  -fno-rtti -fno-exceptions conftest.c >&5
cc1.exe: warning: command line option '-fno-rtti' is valid for C++/ObjC++ but not for C [enabled by default]
configure:8092: $? = 0
configure:8105: result: no
configure:8432: checking for gcc option to produce PIC
configure:8439: result: -DDLL_EXPORT -DPIC
configure:8447: checking if gcc PIC flag -DDLL_EXPORT -DPIC works
configure:8465: gcc -c -g -O2  -DDLL_EXPORT -DPIC -DPIC conftest.c >&5
configure:8469: $? = 0
configure:8482: result: yes
configure:8511: checking if gcc static flag -static works
configure:8539: result: yes
configure:8554: checking if gcc supports -c -o file.o
configure:8575: gcc -c -g -O2  -o out/conftest2.o conftest.c >&5
configure:8579: $? = 0
configure:8601: result: yes
configure:8609: checking if gcc supports -c -o file.o
configure:8656: result: yes
configure:8689: checking whether the gcc linker (c:/qt/qt5.0.2/tools/mingw/i686-w64-mingw32/bin/ld.exe) supports shared libraries
configure:9846: result: yes
configure:9883: checking whether -lc should be explicitly linked in
configure:9891: gcc -c -g -O2  conftest.c >&5
configure:9894: $? = 0
configure:9909: gcc -shared conftest.o  -v -o ./conftest -Wl,--enable-auto-image-base -Xlinker --out-implib -Xlinker conftest 2\>\&1 \| /bin/grep  -lc  \>/dev/null 2\>\&1
configure:9912: $? = 1
configure:9926: result: yes
configure:10086: checking dynamic linker characteristics
configure:10831: result: Win32 ld.exe
configure:10938: checking how to hardcode library paths into programs
configure:10963: result: immediate
configure:11503: checking whether stripping libraries is possible
configure:11508: result: yes
configure:11543: checking if libtool supports shared libraries
configure:11545: result: yes
configure:11548: checking whether to build shared libraries
configure:11569: result: yes
configure:11572: checking whether to build static libraries
configure:11576: result: yes
configure:11672: checking for g++
configure:11688: found /c/Qt/Qt5.0.2/Tools/MinGW/bin/g++
configure:11699: result: g++
configure:11726: checking for C++ compiler version
configure:11735: g++ --version >&5
g++.exe (Built by MinGW-builds project) 4.7.2
Copyright (C) 2012 Free Software Foundation, Inc.
This is free software; see the source for copying conditions.  There is NO
warranty; not even for MERCHANTABILITY or FITNESS FOR A PARTICULAR PURPOSE.

configure:11746: $? = 0
configure:11735: g++ -v >&5
Using built-in specs.
COLLECT_GCC=c:\Qt\Qt5.0.2\Tools\MinGW\bin\g++.exe
COLLECT_LTO_WRAPPER=c:/qt/qt5.0.2/tools/mingw/bin/../libexec/gcc/i686-w64-mingw32/4.7.2/lto-wrapper.exe
Target: i686-w64-mingw32
Configured with: ../../../src/gcc-4.7.2/configure --host=i686-w64-mingw32 --build=i686-w64-mingw32 --target=i686-w64-mingw32 --prefix=/temp/x32-4.7.2-posix-sjlj-r8/prefix --with-sysroot=/temp/x32-4.7.2-posix-sjlj-r8/prefix --enable-shared --enable-static --enable-targets=all --enable-multilib --enable-languages=c,c++,fortran,lto --enable-libstdcxx-time=yes --enable-threads=posix --enable-libgomp --enable-lto --enable-graphite --enable-cloog-backend=isl --enable-checking=release --enable-fully-dynamic-string --enable-version-specific-runtime-libs --enable-sjlj-exceptions --disable-ppl-version-check --disable-cloog-version-check --disable-libstdcxx-pch --disable-libstdcxx-debug --disable-bootstrap --disable-rpath --disable-win32-registry --disable-nls --disable-werror --disable-symvers --with-gnu-as --with-gnu-ld --with-arch-32=i686 --with-arch-64=nocona --with-tune-32=core2 --with-tune-64=core2 --with-host-libstdcxx='-static -lstdc++' --with-libiconv --with-system-zlib --with-gmp=/temp/mingw-prereq/i686-w64-mingw32-static --with-mpfr=/temp/mingw-prereq/i686-w64-mingw32-static --with-mpc=/temp/mingw-prereq/i686-w64-mingw32-static --with-ppl=/temp/mingw-prereq/i686-w64-mingw32-static --with-cloog=/temp/mingw-prereq/i686-w64-mingw32-static --with-pkgversion='Built by MinGW-builds project' --with-bugurl=http://sourceforge.net/projects/mingwbuilds/ CFLAGS='-O2 -pipe -fomit-frame-pointer -I/temp/x32-4.7.2-posix-sjlj-r8/libs/include -I/temp/mingw-prereq/x32-zlib/include -I/temp/mingw-prereq/i686-w64-mingw32-static/include' CXXFLAGS='-O2 -pipe -fomit-frame-pointer -I/temp/x32-4.7.2-posix-sjlj-r8/libs/include -I/temp/mingw-prereq/x32-zlib/include -I/temp/mingw-prereq/i686-w64-mingw32-static/include' CPPFLAGS= LDFLAGS='-pipe -L/temp/x32-4.7.2-posix-sjlj-r8/libs/lib -L/temp/mingw-prereq/x32-zlib/lib -L/temp/mingw-prereq/i686-w64-mingw32-static/lib -L/temp/x32-4.7.2-posix-sjlj-r8/prefix/opt/lib'
Thread model: posix
gcc version 4.7.2 (Built by MinGW-builds project) 
configure:11746: $? = 0
configure:11735: g++ -V >&5
g++.exe: error: unrecognized command line option '-V'
g++.exe: fatal error: no input files
compilation terminated.
configure:11746: $? = 1
configure:11735: g++ -qversion >&5
g++.exe: error: unrecognized command line option '-qversion'
g++.exe: fatal error: no input files
compilation terminated.
configure:11746: $? = 1
configure:11750: checking whether we are using the GNU C++ compiler
configure:11769: g++ -c   conftest.cpp >&5
configure:11769: $? = 0
configure:11778: result: yes
configure:11787: checking whether g++ accepts -g
configure:11807: g++ -c -g  conftest.cpp >&5
configure:11807: $? = 0
configure:11848: result: yes
configure:11873: checking dependency style of g++
configure:11984: result: gcc3
configure:12017: checking how to run the C++ preprocessor
configure:12044: g++ -E  conftest.cpp
configure:12044: $? = 0
configure:12058: g++ -E  conftest.cpp
conftest.cpp:22:28: fatal error: ac_nonexistent.h: No such file or directory
compilation terminated.
configure:12058: $? = 1
configure: failed program was:
| /* confdefs.h */
| #define PACKAGE_NAME "snappy"
| #define PACKAGE_TARNAME "snappy"
| #define PACKAGE_VERSION "1.1.1"
| #define PACKAGE_STRING "snappy 1.1.1"
| #define PACKAGE_BUGREPORT ""
| #define PACKAGE_URL ""
| #define PACKAGE "snappy"
| #define VERSION "1.1.1"
| #define STDC_HEADERS 1
| #define HAVE_SYS_TYPES_H 1
| #define HAVE_SYS_STAT_H 1
| #define HAVE_STDLIB_H 1
| #define HAVE_STRING_H 1
| #define HAVE_MEMORY_H 1
| #define HAVE_STRINGS_H 1
| #define HAVE_INTTYPES_H 1
| #define HAVE_STDINT_H 1
| #define HAVE_UNISTD_H 1
| #define LT_OBJDIR ".libs/"
| /* end confdefs.h.  */
| #include <ac_nonexistent.h>
configure:12083: result: g++ -E
configure:12103: g++ -E  conftest.cpp
configure:12103: $? = 0
configure:12117: g++ -E  conftest.cpp
conftest.cpp:22:28: fatal error: ac_nonexistent.h: No such file or directory
compilation terminated.
configure:12117: $? = 1
configure: failed program was:
| /* confdefs.h */
| #define PACKAGE_NAME "snappy"
| #define PACKAGE_TARNAME "snappy"
| #define PACKAGE_VERSION "1.1.1"
| #define PACKAGE_STRING "snappy 1.1.1"
| #define PACKAGE_BUGREPORT ""
| #define PACKAGE_URL ""
| #define PACKAGE "snappy"
| #define VERSION "1.1.1"
| #define STDC_HEADERS 1
| #define HAVE_SYS_TYPES_H 1
| #define HAVE_SYS_STAT_H 1
| #define HAVE_STDLIB_H 1
| #define HAVE_STRING_H 1
| #define HAVE_MEMORY_H 1
| #define HAVE_STRINGS_H 1
| #define HAVE_INTTYPES_H 1
| #define HAVE_STDINT_H 1
| #define HAVE_UNISTD_H 1
| #define LT_OBJDIR ".libs/"
| /* end confdefs.h.  */
| #include <ac_nonexistent.h>
configure:12286: checking for ld used by g++
configure:12353: result: c:/qt/qt5.0.2/tools/mingw/i686-w64-mingw32/bin/ld.exe
configure:12360: checking if the linker (c:/qt/qt5.0.2/tools/mingw/i686-w64-mingw32/bin/ld.exe) is GNU ld
configure:12375: result: yes
configure:12430: checking whether the g++ linker (c:/qt/qt5.0.2/tools/mingw/i686-w64-mingw32/bin/ld.exe) supports shared libraries
configure:13435: result: yes
configure:13471: g++ -c -g -O2  conftest.cpp >&5
configure:13474: $? = 0
configure:13994: checking for g++ option to produce PIC
configure:14001: result: -DDLL_EXPORT -DPIC
configure:14009: checking if g++ PIC flag -DDLL_EXPORT -DPIC works
configure:14027: g++ -c -g -O2  -DDLL_EXPORT -DPIC -DPIC conftest.cpp >&5
configure:14031: $? = 0
configure:14044: result: yes
configure:14067: checking if g++ static flag -static works
configure:14095: result: yes
configure:14107: checking if g++ supports -c -o file.o
configure:14128: g++ -c -g -O2  -o out/conftest2.o conftest.cpp >&5
configure:14132: $? = 0
configure:14154: result: yes
configure:14159: checking if g++ supports -c -o file.o
configure:14206: result: yes
configure:14236: checking whether the g++ linker (c:/qt/qt5.0.2/tools/mingw/i686-w64-mingw32/bin/ld.exe) supports shared libraries
configure:14275: result: yes
configure:14416: checking dynamic linker characteristics
configure:15095: result: Win32 ld.exe
configure:15148: checking how to hardcode library paths into programs
configure:15173: result: immediate
configure:15219: checking whether byte ordering is bigendian
configure:15234: g++ -c -g -O2  conftest.cpp >&5
conftest.cpp:23:9: error: expected unqualified-id before 'not' token
configure:15234: $? = 1
configure: failed program was:
| /* confdefs.h */
| #define PACKAGE_NAME "snappy"
| #define PACKAGE_TARNAME "snappy"
| #define PACKAGE_VERSION "1.1.1"
| #define PACKAGE_STRING "snappy 1.1.1"
| #define PACKAGE_BUGREPORT ""
| #define PACKAGE_URL ""
| #define PACKAGE "snappy"
| #define VERSION "1.1.1"
| #define STDC_HEADERS 1
| #define HAVE_SYS_TYPES_H 1
| #define HAVE_SYS_STAT_H 1
| #define HAVE_STDLIB_H 1
| #define HAVE_STRING_H 1
| #define HAVE_MEMORY_H 1
| #define HAVE_STRINGS_H 1
| #define HAVE_INTTYPES_H 1
| #define HAVE_STDINT_H 1
| #define HAVE_UNISTD_H 1
| #define LT_OBJDIR ".libs/"
| /* end confdefs.h.  */
| #ifndef __APPLE_CC__
| 	       not a universal capable compiler
| 	     #endif
| 	     typedef int dummy;
| 
configure:15279: g++ -c -g -O2  conftest.cpp >&5
configure:15279: $? = 0
configure:15297: g++ -c -g -O2  conftest.cpp >&5
conftest.cpp: In function 'int main()':
conftest.cpp:29:8: error: 'big' was not declared in this scope
conftest.cpp:29:12: error: expected ';' before 'endian'
configure:15297: $? = 1
configure: failed program was:
| /* confdefs.h */
| #define PACKAGE_NAME "snappy"
| #define PACKAGE_TARNAME "snappy"
| #define PACKAGE_VERSION "1.1.1"
| #define PACKAGE_STRING "snappy 1.1.1"
| #define PACKAGE_BUGREPORT ""
| #define PACKAGE_URL ""
| #define PACKAGE "snappy"
| #define VERSION "1.1.1"
| #define STDC_HEADERS 1
| #define HAVE_SYS_TYPES_H 1
| #define HAVE_SYS_STAT_H 1
| #define HAVE_STDLIB_H 1
| #define HAVE_STRING_H 1
| #define HAVE_MEMORY_H 1
| #define HAVE_STRINGS_H 1
| #define HAVE_INTTYPES_H 1
| #define HAVE_STDINT_H 1
| #define HAVE_UNISTD_H 1
| #define LT_OBJDIR ".libs/"
| /* end confdefs.h.  */
| #include <sys/types.h>
| 		#include <sys/param.h>
| 
| int
| main ()
| {
| #if BYTE_ORDER != BIG_ENDIAN
| 		 not big endian
| 		#endif
| 
|   ;
|   return 0;
| }
configure:15425: result: no
configure:15443: checking for size_t
configure:15443: g++ -c -g -O2  conftest.cpp >&5
configure:15443: $? = 0
configure:15443: g++ -c -g -O2  conftest.cpp >&5
conftest.cpp: In function 'int main()':
conftest.cpp:58:20: error: expected primary-expression before ')' token
configure:15443: $? = 1
configure: failed program was:
| /* confdefs.h */
| #define PACKAGE_NAME "snappy"
| #define PACKAGE_TARNAME "snappy"
| #define PACKAGE_VERSION "1.1.1"
| #define PACKAGE_STRING "snappy 1.1.1"
| #define PACKAGE_BUGREPORT ""
| #define PACKAGE_URL ""
| #define PACKAGE "snappy"
| #define VERSION "1.1.1"
| #define STDC_HEADERS 1
| #define HAVE_SYS_TYPES_H 1
| #define HAVE_SYS_STAT_H 1
| #define HAVE_STDLIB_H 1
| #define HAVE_STRING_H 1
| #define HAVE_MEMORY_H 1
| #define HAVE_STRINGS_H 1
| #define HAVE_INTTYPES_H 1
| #define HAVE_STDINT_H 1
| #define HAVE_UNISTD_H 1
| #define LT_OBJDIR ".libs/"
| /* end confdefs.h.  */
| #include <stdio.h>
| #ifdef HAVE_SYS_TYPES_H
| # include <sys/types.h>
| #endif
| #ifdef HAVE_SYS_STAT_H
| # include <sys/stat.h>
| #endif
| #ifdef STDC_HEADERS
| # include <stdlib.h>
| # include <stddef.h>
| #else
| # ifdef HAVE_STDLIB_H
| #  include <stdlib.h>
| # endif
| #endif
| #ifdef HAVE_STRING_H
| # if !defined STDC_HEADERS && defined HAVE_MEMORY_H
| #  include <memory.h>
| # endif
| # include <string.h>
| #endif
| #ifdef HAVE_STRINGS_H
| # include <strings.h>
| #endif
| #ifdef HAVE_INTTYPES_H
| # include <inttypes.h>
| #endif
| #ifdef HAVE_STDINT_H
| # include <stdint.h>
| #endif
| #ifdef HAVE_UNISTD_H
| # include <unistd.h>
| #endif
| int
| main ()
| {
| if (sizeof ((size_t)))
| 	    return 0;
|   ;
|   return 0;
| }
configure:15443: result: yes
configure:15454: checking for ssize_t
configure:15454: g++ -c -g -O2  conftest.cpp >&5
configure:15454: $? = 0
configure:15454: g++ -c -g -O2  conftest.cpp >&5
conftest.cpp: In function 'int main()':
conftest.cpp:58:21: error: expected primary-expression before ')' token
configure:15454: $? = 1
configure: failed program was:
| /* confdefs.h */
| #define PACKAGE_NAME "snappy"
| #define PACKAGE_TARNAME "snappy"
| #define PACKAGE_VERSION "1.1.1"
| #define PACKAGE_STRING "snappy 1.1.1"
| #define PACKAGE_BUGREPORT ""
| #define PACKAGE_URL ""
| #define PACKAGE "snappy"
| #define VERSION "1.1.1"
| #define STDC_HEADERS 1
| #define HAVE_SYS_TYPES_H 1
| #define HAVE_SYS_STAT_H 1
| #define HAVE_STDLIB_H 1
| #define HAVE_STRING_H 1
| #define HAVE_MEMORY_H 1
| #define HAVE_STRINGS_H 1
| #define HAVE_INTTYPES_H 1
| #define HAVE_STDINT_H 1
| #define HAVE_UNISTD_H 1
| #define LT_OBJDIR ".libs/"
| /* end confdefs.h.  */
| #include <stdio.h>
| #ifdef HAVE_SYS_TYPES_H
| # include <sys/types.h>
| #endif
| #ifdef HAVE_SYS_STAT_H
| # include <sys/stat.h>
| #endif
| #ifdef STDC_HEADERS
| # include <stdlib.h>
| # include <stddef.h>
| #else
| # ifdef HAVE_STDLIB_H
| #  include <stdlib.h>
| # endif
| #endif
| #ifdef HAVE_STRING_H
| # if !defined STDC_HEADERS && defined HAVE_MEMORY_H
| #  include <memory.h>
| # endif
| # include <string.h>
| #endif
| #ifdef HAVE_STRINGS_H
| # include <strings.h>
| #endif
| #ifdef HAVE_INTTYPES_H
| # include <inttypes.h>
| #endif
| #ifdef HAVE_STDINT_H
| # include <stdint.h>
| #endif
| #ifdef HAVE_UNISTD_H
| # include <unistd.h>
| #endif
| int
| main ()
| {
| if (sizeof ((ssize_t)))
| 	    return 0;
|   ;
|   return 0;
| }
configure:15454: result: yes
configure:15469: checking for stdint.h
configure:15469: result: yes
configure:15469: checking stddef.h usability
configure:15469: g++ -c -g -O2  conftest.cpp >&5
configure:15469: $? = 0
configure:15469: result: yes
configure:15469: checking stddef.h presence
configure:15469: g++ -E  conftest.cpp
configure:15469: $? = 0
configure:15469: result: yes
configure:15469: checking for stddef.h
configure:15469: result: yes
configure:15469: checking sys/mman.h usability
configure:15469: g++ -c -g -O2  conftest.cpp >&5
conftest.cpp:57:22: fatal error: sys/mman.h: No such file or directory
compilation terminated.
configure:15469: $? = 1
configure: failed program was:
| /* confdefs.h */
| #define PACKAGE_NAME "snappy"
| #define PACKAGE_TARNAME "snappy"
| #define PACKAGE_VERSION "1.1.1"
| #define PACKAGE_STRING "snappy 1.1.1"
| #define PACKAGE_BUGREPORT ""
| #define PACKAGE_URL ""
| #define PACKAGE "snappy"
| #define VERSION "1.1.1"
| #define STDC_HEADERS 1
| #define HAVE_SYS_TYPES_H 1
| #define HAVE_SYS_STAT_H 1
| #define HAVE_STDLIB_H 1
| #define HAVE_STRING_H 1
| #define HAVE_MEMORY_H 1
| #define HAVE_STRINGS_H 1
| #define HAVE_INTTYPES_H 1
| #define HAVE_STDINT_H 1
| #define HAVE_UNISTD_H 1
| #define LT_OBJDIR ".libs/"
| #define HAVE_STDINT_H 1
| #define HAVE_STDDEF_H 1
| /* end confdefs.h.  */
| #include <stdio.h>
| #ifdef HAVE_SYS_TYPES_H
| # include <sys/types.h>
| #endif
| #ifdef HAVE_SYS_STAT_H
| # include <sys/stat.h>
| #endif
| #ifdef STDC_HEADERS
| # include <stdlib.h>
| # include <stddef.h>
| #else
| # ifdef HAVE_STDLIB_H
| #  include <stdlib.h>
| # endif
| #endif
| #ifdef HAVE_STRING_H
| # if !defined STDC_HEADERS && defined HAVE_MEMORY_H
| #  include <memory.h>
| # endif
| # include <string.h>
| #endif
| #ifdef HAVE_STRINGS_H
| # include <strings.h>
| #endif
| #ifdef HAVE_INTTYPES_H
| # include <inttypes.h>
| #endif
| #ifdef HAVE_STDINT_H
| # include <stdint.h>
| #endif
| #ifdef HAVE_UNISTD_H
| # include <unistd.h>
| #endif
| #include <sys/mman.h>
configure:15469: result: no
configure:15469: checking sys/mman.h presence
configure:15469: g++ -E  conftest.cpp
conftest.cpp:24:22: fatal error: sys/mman.h: No such file or directory
compilation terminated.
configure:15469: $? = 1
configure: failed program was:
| /* confdefs.h */
| #define PACKAGE_NAME "snappy"
| #define PACKAGE_TARNAME "snappy"
| #define PACKAGE_VERSION "1.1.1"
| #define PACKAGE_STRING "snappy 1.1.1"
| #define PACKAGE_BUGREPORT ""
| #define PACKAGE_URL ""
| #define PACKAGE "snappy"
| #define VERSION "1.1.1"
| #define STDC_HEADERS 1
| #define HAVE_SYS_TYPES_H 1
| #define HAVE_SYS_STAT_H 1
| #define HAVE_STDLIB_H 1
| #define HAVE_STRING_H 1
| #define HAVE_MEMORY_H 1
| #define HAVE_STRINGS_H 1
| #define HAVE_INTTYPES_H 1
| #define HAVE_STDINT_H 1
| #define HAVE_UNISTD_H 1
| #define LT_OBJDIR ".libs/"
| #define HAVE_STDINT_H 1
| #define HAVE_STDDEF_H 1
| /* end confdefs.h.  */
| #include <sys/mman.h>
configure:15469: result: no
configure:15469: checking for sys/mman.h
configure:15469: result: no
configure:15469: checking sys/resource.h usability
configure:15469: g++ -c -g -O2  conftest.cpp >&5
conftest.cpp:57:26: fatal error: sys/resource.h: No such file or directory
compilation terminated.
configure:15469: $? = 1
configure: failed program was:
| /* confdefs.h */
| #define PACKAGE_NAME "snappy"
| #define PACKAGE_TARNAME "snappy"
| #define PACKAGE_VERSION "1.1.1"
| #define PACKAGE_STRING "snappy 1.1.1"
| #define PACKAGE_BUGREPORT ""
| #define PACKAGE_URL ""
| #define PACKAGE "snappy"
| #define VERSION "1.1.1"
| #define STDC_HEADERS 1
| #define HAVE_SYS_TYPES_H 1
| #define HAVE_SYS_STAT_H 1
| #define HAVE_STDLIB_H 1
| #define HAVE_STRING_H 1
| #define HAVE_MEMORY_H 1
| #define HAVE_STRINGS_H 1
| #define HAVE_INTTYPES_H 1
| #define HAVE_STDINT_H 1
| #define HAVE_UNISTD_H 1
| #define LT_OBJDIR ".libs/"
| #define HAVE_STDINT_H 1
| #define HAVE_STDDEF_H 1
| /* end confdefs.h.  */
| #include <stdio.h>
| #ifdef HAVE_SYS_TYPES_H
| # include <sys/types.h>
| #endif
| #ifdef HAVE_SYS_STAT_H
| # include <sys/stat.h>
| #endif
| #ifdef STDC_HEADERS
| # include <stdlib.h>
| # include <stddef.h>
| #else
| # ifdef HAVE_STDLIB_H
| #  include <stdlib.h>
| # endif
| #endif
| #ifdef HAVE_STRING_H
| # if !defined STDC_HEADERS && defined HAVE_MEMORY_H
| #  include <memory.h>
| # endif
| # include <string.h>
| #endif
| #ifdef HAVE_STRINGS_H
| # include <strings.h>
| #endif
| #ifdef HAVE_INTTYPES_H
| # include <inttypes.h>
| #endif
| #ifdef HAVE_STDINT_H
| # include <stdint.h>
| #endif
| #ifdef HAVE_UNISTD_H
| # include <unistd.h>
| #endif
| #include <sys/resource.h>
configure:15469: result: no
configure:15469: checking sys/resource.h presence
configure:15469: g++ -E  conftest.cpp
conftest.cpp:24:26: fatal error: sys/resource.h: No such file or directory
compilation terminated.
configure:15469: $? = 1
configure: failed program was:
| /* confdefs.h */
| #define PACKAGE_NAME "snappy"
| #define PACKAGE_TARNAME "snappy"
| #define PACKAGE_VERSION "1.1.1"
| #define PACKAGE_STRING "snappy 1.1.1"
| #define PACKAGE_BUGREPORT ""
| #define PACKAGE_URL ""
| #define PACKAGE "snappy"
| #define VERSION "1.1.1"
| #define STDC_HEADERS 1
| #define HAVE_SYS_TYPES_H 1
| #define HAVE_SYS_STAT_H 1
| #define HAVE_STDLIB_H 1
| #define HAVE_STRING_H 1
| #define HAVE_MEMORY_H 1
| #define HAVE_STRINGS_H 1
| #define HAVE_INTTYPES_H 1
| #define HAVE_STDINT_H 1
| #define HAVE_UNISTD_H 1
| #define LT_OBJDIR ".libs/"
| #define HAVE_STDINT_H 1
| #define HAVE_STDDEF_H 1
| /* end confdefs.h.  */
| #include <sys/resource.h>
configure:15469: result: no
configure:15469: checking for sys/resource.h
configure:15469: result: no
configure:15469: checking windows.h usability
configure:15469: g++ -c -g -O2  conftest.cpp >&5
configure:15469: $? = 0
configure:15469: result: yes
configure:15469: checking windows.h presence
configure:15469: g++ -E  conftest.cpp
configure:15469: $? = 0
configure:15469: result: yes
configure:15469: checking for windows.h
configure:15469: result: yes
configure:15469: checking byteswap.h usability
configure:15469: g++ -c -g -O2  conftest.cpp >&5
conftest.cpp:58:22: fatal error: byteswap.h: No such file or directory
compilation terminated.
configure:15469: $? = 1
configure: failed program was:
| /* confdefs.h */
| #define PACKAGE_NAME "snappy"
| #define PACKAGE_TARNAME "snappy"
| #define PACKAGE_VERSION "1.1.1"
| #define PACKAGE_STRING "snappy 1.1.1"
| #define PACKAGE_BUGREPORT ""
| #define PACKAGE_URL ""
| #define PACKAGE "snappy"
| #define VERSION "1.1.1"
| #define STDC_HEADERS 1
| #define HAVE_SYS_TYPES_H 1
| #define HAVE_SYS_STAT_H 1
| #define HAVE_STDLIB_H 1
| #define HAVE_STRING_H 1
| #define HAVE_MEMORY_H 1
| #define HAVE_STRINGS_H 1
| #define HAVE_INTTYPES_H 1
| #define HAVE_STDINT_H 1
| #define HAVE_UNISTD_H 1
| #define LT_OBJDIR ".libs/"
| #define HAVE_STDINT_H 1
| #define HAVE_STDDEF_H 1
| #define HAVE_WINDOWS_H 1
| /* end confdefs.h.  */
| #include <stdio.h>
| #ifdef HAVE_SYS_TYPES_H
| # include <sys/types.h>
| #endif
| #ifdef HAVE_SYS_STAT_H
| # include <sys/stat.h>
| #endif
| #ifdef STDC_HEADERS
| # include <stdlib.h>
| # include <stddef.h>
| #else
| # ifdef HAVE_STDLIB_H
| #  include <stdlib.h>
| # endif
| #endif
| #ifdef HAVE_STRING_H
| # if !defined STDC_HEADERS && defined HAVE_MEMORY_H
| #  include <memory.h>
| # endif
| # include <string.h>
| #endif
| #ifdef HAVE_STRINGS_H
| # include <strings.h>
| #endif
| #ifdef HAVE_INTTYPES_H
| # include <inttypes.h>
| #endif
| #ifdef HAVE_STDINT_H
| # include <stdint.h>
| #endif
| #ifdef HAVE_UNISTD_H
| # include <unistd.h>
| #endif
| #include <byteswap.h>
configure:15469: result: no
configure:15469: checking byteswap.h presence
configure:15469: g++ -E  conftest.cpp
conftest.cpp:25:22: fatal error: byteswap.h: No such file or directory
compilation terminated.
configure:15469: $? = 1
configure: failed program was:
| /* confdefs.h */
| #define PACKAGE_NAME "snappy"
| #define PACKAGE_TARNAME "snappy"
| #define PACKAGE_VERSION "1.1.1"
| #define PACKAGE_STRING "snappy 1.1.1"
| #define PACKAGE_BUGREPORT ""
| #define PACKAGE_URL ""
| #define PACKAGE "snappy"
| #define VERSION "1.1.1"
| #define STDC_HEADERS 1
| #define HAVE_SYS_TYPES_H 1
| #define HAVE_SYS_STAT_H 1
| #define HAVE_STDLIB_H 1
| #define HAVE_STRING_H 1
| #define HAVE_MEMORY_H 1
| #define HAVE_STRINGS_H 1
| #define HAVE_INTTYPES_H 1
| #define HAVE_STDINT_H 1
| #define HAVE_UNISTD_H 1
| #define LT_OBJDIR ".libs/"
| #define HAVE_STDINT_H 1
| #define HAVE_STDDEF_H 1
| #define HAVE_WINDOWS_H 1
| /* end confdefs.h.  */
| #include <byteswap.h>
configure:15469: result: no
configure:15469: checking for byteswap.h
configure:15469: result: no
configure:15469: checking sys/byteswap.h usability
configure:15469: g++ -c -g -O2  conftest.cpp >&5
conftest.cpp:58:26: fatal error: sys/byteswap.h: No such file or directory
compilation terminated.
configure:15469: $? = 1
configure: failed program was:
| /* confdefs.h */
| #define PACKAGE_NAME "snappy"
| #define PACKAGE_TARNAME "snappy"
| #define PACKAGE_VERSION "1.1.1"
| #define PACKAGE_STRING "snappy 1.1.1"
| #define PACKAGE_BUGREPORT ""
| #define PACKAGE_URL ""
| #define PACKAGE "snappy"
| #define VERSION "1.1.1"
| #define STDC_HEADERS 1
| #define HAVE_SYS_TYPES_H 1
| #define HAVE_SYS_STAT_H 1
| #define HAVE_STDLIB_H 1
| #define HAVE_STRING_H 1
| #define HAVE_MEMORY_H 1
| #define HAVE_STRINGS_H 1
| #define HAVE_INTTYPES_H 1
| #define HAVE_STDINT_H 1
| #define HAVE_UNISTD_H 1
| #define LT_OBJDIR ".libs/"
| #define HAVE_STDINT_H 1
| #define HAVE_STDDEF_H 1
| #define HAVE_WINDOWS_H 1
| /* end confdefs.h.  */
| #include <stdio.h>
| #ifdef HAVE_SYS_TYPES_H
| # include <sys/types.h>
| #endif
| #ifdef HAVE_SYS_STAT_H
| # include <sys/stat.h>
| #endif
| #ifdef STDC_HEADERS
| # include <stdlib.h>
| # include <stddef.h>
| #else
| # ifdef HAVE_STDLIB_H
| #  include <stdlib.h>
| # endif
| #endif
| #ifdef HAVE_STRING_H
| # if !defined STDC_HEADERS && defined HAVE_MEMORY_H
| #  include <memory.h>
| # endif
| # include <string.h>
| #endif
| #ifdef HAVE_STRINGS_H
| # include <strings.h>
| #endif
| #ifdef HAVE_INTTYPES_H
| # include <inttypes.h>
| #endif
| #ifdef HAVE_STDINT_H
| # include <stdint.h>
| #endif
| #ifdef HAVE_UNISTD_H
| # include <unistd.h>
| #endif
| #include <sys/byteswap.h>
configure:15469: result: no
configure:15469: checking sys/byteswap.h presence
configure:15469: g++ -E  conftest.cpp
conftest.cpp:25:26: fatal error: sys/byteswap.h: No such file or directory
compilation terminated.
configure:15469: $? = 1
configure: failed program was:
| /* confdefs.h */
| #define PACKAGE_NAME "snappy"
| #define PACKAGE_TARNAME "snappy"
| #define PACKAGE_VERSION "1.1.1"
| #define PACKAGE_STRING "snappy 1.1.1"
| #define PACKAGE_BUGREPORT ""
| #define PACKAGE_URL ""
| #define PACKAGE "snappy"
| #define VERSION "1.1.1"
| #define STDC_HEADERS 1
| #define HAVE_SYS_TYPES_H 1
| #define HAVE_SYS_STAT_H 1
| #define HAVE_STDLIB_H 1
| #define HAVE_STRING_H 1
| #define HAVE_MEMORY_H 1
| #define HAVE_STRINGS_H 1
| #define HAVE_INTTYPES_H 1
| #define HAVE_STDINT_H 1
| #define HAVE_UNISTD_H 1
| #define LT_OBJDIR ".libs/"
| #define HAVE_STDINT_H 1
| #define HAVE_STDDEF_H 1
| #define HAVE_WINDOWS_H 1
| /* end confdefs.h.  */
| #include <sys/byteswap.h>
configure:15469: result: no
configure:15469: checking for sys/byteswap.h
configure:15469: result: no
configure:15469: checking sys/endian.h usability
configure:15469: g++ -c -g -O2  conftest.cpp >&5
conftest.cpp:58:24: fatal error: sys/endian.h: No such file or directory
compilation terminated.
configure:15469: $? = 1
configure: failed program was:
| /* confdefs.h */
| #define PACKAGE_NAME "snappy"
| #define PACKAGE_TARNAME "snappy"
| #define PACKAGE_VERSION "1.1.1"
| #define PACKAGE_STRING "snappy 1.1.1"
| #define PACKAGE_BUGREPORT ""
| #define PACKAGE_URL ""
| #define PACKAGE "snappy"
| #define VERSION "1.1.1"
| #define STDC_HEADERS 1
| #define HAVE_SYS_TYPES_H 1
| #define HAVE_SYS_STAT_H 1
| #define HAVE_STDLIB_H 1
| #define HAVE_STRING_H 1
| #define HAVE_MEMORY_H 1
| #define HAVE_STRINGS_H 1
| #define HAVE_INTTYPES_H 1
| #define HAVE_STDINT_H 1
| #define HAVE_UNISTD_H 1
| #define LT_OBJDIR ".libs/"
| #define HAVE_STDINT_H 1
| #define HAVE_STDDEF_H 1
| #define HAVE_WINDOWS_H 1
| /* end confdefs.h.  */
| #include <stdio.h>
| #ifdef HAVE_SYS_TYPES_H
| # include <sys/types.h>
| #endif
| #ifdef HAVE_SYS_STAT_H
| # include <sys/stat.h>
| #endif
| #ifdef STDC_HEADERS
| # include <stdlib.h>
| # include <stddef.h>
| #else
| # ifdef HAVE_STDLIB_H
| #  include <stdlib.h>
| # endif
| #endif
| #ifdef HAVE_STRING_H
| # if !defined STDC_HEADERS && defined HAVE_MEMORY_H
| #  include <memory.h>
| # endif
| # include <string.h>
| #endif
| #ifdef HAVE_STRINGS_H
| # include <strings.h>
| #endif
| #ifdef HAVE_INTTYPES_H
| # include <inttypes.h>
| #endif
| #ifdef HAVE_STDINT_H
| # include <stdint.h>
| #endif
| #ifdef HAVE_UNISTD_H
| # include <unistd.h>
| #endif
| #include <sys/endian.h>
configure:15469: result: no
configure:15469: checking sys/endian.h presence
configure:15469: g++ -E  conftest.cpp
conftest.cpp:25:24: fatal error: sys/endian.h: No such file or directory
compilation terminated.
configure:15469: $? = 1
configure: failed program was:
| /* confdefs.h */
| #define PACKAGE_NAME "snappy"
| #define PACKAGE_TARNAME "snappy"
| #define PACKAGE_VERSION "1.1.1"
| #define PACKAGE_STRING "snappy 1.1.1"
| #define PACKAGE_BUGREPORT ""
| #define PACKAGE_URL ""
| #define PACKAGE "snappy"
| #define VERSION "1.1.1"
| #define STDC_HEADERS 1
| #define HAVE_SYS_TYPES_H 1
| #define HAVE_SYS_STAT_H 1
| #define HAVE_STDLIB_H 1
| #define HAVE_STRING_H 1
| #define HAVE_MEMORY_H 1
| #define HAVE_STRINGS_H 1
| #define HAVE_INTTYPES_H 1
| #define HAVE_STDINT_H 1
| #define HAVE_UNISTD_H 1
| #define LT_OBJDIR ".libs/"
| #define HAVE_STDINT_H 1
| #define HAVE_STDDEF_H 1
| #define HAVE_WINDOWS_H 1
| /* end confdefs.h.  */
| #include <sys/endian.h>
configure:15469: result: no
configure:15469: checking for sys/endian.h
configure:15469: result: no
configure:15469: checking sys/time.h usability
configure:15469: g++ -c -g -O2  conftest.cpp >&5
configure:15469: $? = 0
configure:15469: result: yes
configure:15469: checking sys/time.h presence
configure:15469: g++ -E  conftest.cpp
configure:15469: $? = 0
configure:15469: result: yes
configure:15469: checking for sys/time.h
configure:15469: result: yes
configure:15482: checking for mmap
configure:15482: g++ -o conftest.exe -g -O2   conftest.cpp  >&5
C:\Users\Filipp\AppData\Local\Temp\ccQEIvLp.o: In function `main':
c:\koding\ozifi\contrib\snappy/conftest.cpp:60: undefined reference to `mmap'
collect2.exe: error: ld returned 1 exit status
configure:15482: $? = 1
configure: failed program was:
| /* confdefs.h */
| #define PACKAGE_NAME "snappy"
| #define PACKAGE_TARNAME "snappy"
| #define PACKAGE_VERSION "1.1.1"
| #define PACKAGE_STRING "snappy 1.1.1"
| #define PACKAGE_BUGREPORT ""
| #define PACKAGE_URL ""
| #define PACKAGE "snappy"
| #define VERSION "1.1.1"
| #define STDC_HEADERS 1
| #define HAVE_SYS_TYPES_H 1
| #define HAVE_SYS_STAT_H 1
| #define HAVE_STDLIB_H 1
| #define HAVE_STRING_H 1
| #define HAVE_MEMORY_H 1
| #define HAVE_STRINGS_H 1
| #define HAVE_INTTYPES_H 1
| #define HAVE_STDINT_H 1
| #define HAVE_UNISTD_H 1
| #define LT_OBJDIR ".libs/"
| #define HAVE_STDINT_H 1
| #define HAVE_STDDEF_H 1
| #define HAVE_WINDOWS_H 1
| #define HAVE_SYS_TIME_H 1
| /* end confdefs.h.  */
| /* Define mmap to an innocuous variant, in case <limits.h> declares mmap.
|    For example, HP-UX 11i <limits.h> declares gettimeofday.  */
| #define mmap innocuous_mmap
| 
| /* System header to define __stub macros and hopefully few prototypes,
|     which can conflict with char mmap (); below.
|     Prefer <limits.h> to <assert.h> if __STDC__ is defined, since
|     <limits.h> exists even on freestanding compilers.  */
| 
| #ifdef __STDC__
| # include <limits.h>
| #else
| # include <assert.h>
| #endif
| 
| #undef mmap
| 
| /* Override any GCC internal prototype to avoid an error.
|    Use char because int might match the return type of a GCC
|    builtin and then its argument prototype would still apply.  */
| #ifdef __cplusplus
| extern "C"
| #endif
| char mmap ();
| /* The GNU C library defines this for functions which it implements
|     to always fail with ENOSYS.  Some functions are actually named
|     something starting with __ and the normal name is an alias.  */
| #if defined __stub_mmap || defined __stub___mmap
| choke me
| #endif
| 
| int
| main ()
| {
| return mmap ();
|   ;
|   return 0;
| }
configure:15482: result: no
configure:15504: checking for 'gtest-config'
configure:15525: checking for gtest-config
configure:15558: result: no
configure:15579: result: no
configure:15678: checking for pkg-config
configure:15696: found /bin/pkg-config
configure:15708: result: /bin/pkg-config
configure:15733: checking pkg-config is at least version 0.9.0
configure:15736: result: yes
configure:15746: checking for gflags
configure:15753: $PKG_CONFIG --exists --print-errors "libgflags"
Package libgflags was not found in the pkg-config search path.
Perhaps you should add the directory containing `libgflags.pc'
to the PKG_CONFIG_PATH environment variable
No package 'libgflags' found
configure:15756: $? = 1
configure:15770: $PKG_CONFIG --exists --print-errors "libgflags"
Package libgflags was not found in the pkg-config search path.
Perhaps you should add the directory containing `libgflags.pc'
to the PKG_CONFIG_PATH environment variable
No package 'libgflags' found
configure:15773: $? = 1
configure:15787: result: no
No package 'libgflags' found
configure:15831: checking if the compiler supports __builtin_expect
configure:15847: g++ -c -g -O2  conftest.cpp >&5
configure:15847: $? = 0
configure:15850: result: yes
configure:15869: checking if the compiler supports __builtin_ctzll
configure:15885: g++ -c -g -O2  conftest.cpp >&5
configure:15885: $? = 0
configure:15888: result: yes
configure:15911: checking for zlibVersion in -lz
configure:15936: g++ -o conftest.exe -g -O2   conftest.cpp -lz   >&5
configure:15936: $? = 0
configure:15945: result: yes
configure:15963: checking for lzo1x_1_15_compress in -llzo2
configure:15988: g++ -o conftest.exe -g -O2   conftest.cpp -llzo2   >&5
c:/qt/qt5.0.2/tools/mingw/bin/../lib/gcc/i686-w64-mingw32/4.7.2/../../../../i686-w64-mingw32/bin/ld.exe: cannot find -llzo2
collect2.exe: error: ld returned 1 exit status
configure:15988: $? = 1
configure: failed program was:
| /* confdefs.h */
| #define PACKAGE_NAME "snappy"
| #define PACKAGE_TARNAME "snappy"
| #define PACKAGE_VERSION "1.1.1"
| #define PACKAGE_STRING "snappy 1.1.1"
| #define PACKAGE_BUGREPORT ""
| #define PACKAGE_URL ""
| #define PACKAGE "snappy"
| #define VERSION "1.1.1"
| #define STDC_HEADERS 1
| #define HAVE_SYS_TYPES_H 1
| #define HAVE_SYS_STAT_H 1
| #define HAVE_STDLIB_H 1
| #define HAVE_STRING_H 1
| #define HAVE_MEMORY_H 1
| #define HAVE_STRINGS_H 1
| #define HAVE_INTTYPES_H 1
| #define HAVE_STDINT_H 1
| #define HAVE_UNISTD_H 1
| #define LT_OBJDIR ".libs/"
| #define HAVE_STDINT_H 1
| #define HAVE_STDDEF_H 1
| #define HAVE_WINDOWS_H 1
| #define HAVE_SYS_TIME_H 1
| #define HAVE_BUILTIN_EXPECT 1
| #define HAVE_BUILTIN_CTZ 1
| #define HAVE_LIBZ 1
| /* end confdefs.h.  */
| 
| /* Override any GCC internal prototype to avoid an error.
|    Use char because int might match the return type of a GCC
|    builtin and then its argument prototype would still apply.  */
| #ifdef __cplusplus
| extern "C"
| #endif
| char lzo1x_1_15_compress ();
| int
| main ()
| {
| return lzo1x_1_15_compress ();
|   ;
|   return 0;
| }
configure:15997: result: no
configure:16015: checking for lzf_compress in -llzf
configure:16040: g++ -o conftest.exe -g -O2   conftest.cpp -llzf   >&5
c:/qt/qt5.0.2/tools/mingw/bin/../lib/gcc/i686-w64-mingw32/4.7.2/../../../../i686-w64-mingw32/bin/ld.exe: cannot find -llzf
collect2.exe: error: ld returned 1 exit status
configure:16040: $? = 1
configure: failed program was:
| /* confdefs.h */
| #define PACKAGE_NAME "snappy"
| #define PACKAGE_TARNAME "snappy"
| #define PACKAGE_VERSION "1.1.1"
| #define PACKAGE_STRING "snappy 1.1.1"
| #define PACKAGE_BUGREPORT ""
| #define PACKAGE_URL ""
| #define PACKAGE "snappy"
| #define VERSION "1.1.1"
| #define STDC_HEADERS 1
| #define HAVE_SYS_TYPES_H 1
| #define HAVE_SYS_STAT_H 1
| #define HAVE_STDLIB_H 1
| #define HAVE_STRING_H 1
| #define HAVE_MEMORY_H 1
| #define HAVE_STRINGS_H 1
| #define HAVE_INTTYPES_H 1
| #define HAVE_STDINT_H 1
| #define HAVE_UNISTD_H 1
| #define LT_OBJDIR ".libs/"
| #define HAVE_STDINT_H 1
| #define HAVE_STDDEF_H 1
| #define HAVE_WINDOWS_H 1
| #define HAVE_SYS_TIME_H 1
| #define HAVE_BUILTIN_EXPECT 1
| #define HAVE_BUILTIN_CTZ 1
| #define HAVE_LIBZ 1
| /* end confdefs.h.  */
| 
| /* Override any GCC internal prototype to avoid an error.
|    Use char because int might match the return type of a GCC
|    builtin and then its argument prototype would still apply.  */
| #ifdef __cplusplus
| extern "C"
| #endif
| char lzf_compress ();
| int
| main ()
| {
| return lzf_compress ();
|   ;
|   return 0;
| }
configure:16049: result: no
configure:16067: checking for fastlz_compress in -lfastlz
configure:16092: g++ -o conftest.exe -g -O2   conftest.cpp -lfastlz   >&5
c:/qt/qt5.0.2/tools/mingw/bin/../lib/gcc/i686-w64-mingw32/4.7.2/../../../../i686-w64-mingw32/bin/ld.exe: cannot find -lfastlz
collect2.exe: error: ld returned 1 exit status
configure:16092: $? = 1
configure: failed program was:
| /* confdefs.h */
| #define PACKAGE_NAME "snappy"
| #define PACKAGE_TARNAME "snappy"
| #define PACKAGE_VERSION "1.1.1"
| #define PACKAGE_STRING "snappy 1.1.1"
| #define PACKAGE_BUGREPORT ""
| #define PACKAGE_URL ""
| #define PACKAGE "snappy"
| #define VERSION "1.1.1"
| #define STDC_HEADERS 1
| #define HAVE_SYS_TYPES_H 1
| #define HAVE_SYS_STAT_H 1
| #define HAVE_STDLIB_H 1
| #define HAVE_STRING_H 1
| #define HAVE_MEMORY_H 1
| #define HAVE_STRINGS_H 1
| #define HAVE_INTTYPES_H 1
| #define HAVE_STDINT_H 1
| #define HAVE_UNISTD_H 1
| #define LT_OBJDIR ".libs/"
| #define HAVE_STDINT_H 1
| #define HAVE_STDDEF_H 1
| #define HAVE_WINDOWS_H 1
| #define HAVE_SYS_TIME_H 1
| #define HAVE_BUILTIN_EXPECT 1
| #define HAVE_BUILTIN_CTZ 1
| #define HAVE_LIBZ 1
| /* end confdefs.h.  */
| 
| /* Override any GCC internal prototype to avoid an error.
|    Use char because int might match the return type of a GCC
|    builtin and then its argument prototype would still apply.  */
| #ifdef __cplusplus
| extern "C"
| #endif
| char fastlz_compress ();
| int
| main ()
| {
| return fastlz_compress ();
|   ;
|   return 0;
| }
configure:16101: result: no
configure:16119: checking for qlz_compress in -lquicklz
configure:16144: g++ -o conftest.exe -g -O2   conftest.cpp -lquicklz   >&5
c:/qt/qt5.0.2/tools/mingw/bin/../lib/gcc/i686-w64-mingw32/4.7.2/../../../../i686-w64-mingw32/bin/ld.exe: cannot find -lquicklz
collect2.exe: error: ld returned 1 exit status
configure:16144: $? = 1
configure: failed program was:
| /* confdefs.h */
| #define PACKAGE_NAME "snappy"
| #define PACKAGE_TARNAME "snappy"
| #define PACKAGE_VERSION "1.1.1"
| #define PACKAGE_STRING "snappy 1.1.1"
| #define PACKAGE_BUGREPORT ""
| #define PACKAGE_URL ""
| #define PACKAGE "snappy"
| #define VERSION "1.1.1"
| #define STDC_HEADERS 1
| #define HAVE_SYS_TYPES_H 1
| #define HAVE_SYS_STAT_H 1
| #define HAVE_STDLIB_H 1
| #define HAVE_STRING_H 1
| #define HAVE_MEMORY_H 1
| #define HAVE_STRINGS_H 1
| #define HAVE_INTTYPES_H 1
| #define HAVE_STDINT_H 1
| #define HAVE_UNISTD_H 1
| #define LT_OBJDIR ".libs/"
| #define HAVE_STDINT_H 1
| #define HAVE_STDDEF_H 1
| #define HAVE_WINDOWS_H 1
| #define HAVE_SYS_TIME_H 1
| #define HAVE_BUILTIN_EXPECT 1
| #define HAVE_BUILTIN_CTZ 1
| #define HAVE_LIBZ 1
| /* end confdefs.h.  */
| 
| /* Override any GCC internal prototype to avoid an error.
|    Use char because int might match the return type of a GCC
|    builtin and then its argument prototype would still apply.  */
| #ifdef __cplusplus
| extern "C"
| #endif
| char qlz_compress ();
| int
| main ()
| {
| return qlz_compress ();
|   ;
|   return 0;
| }
configure:16153: result: no
configure:16348: creating ./config.status

## ---------------------- ##
## Running config.status. ##
## ---------------------- ##

This file was extended by snappy config.status 1.1.1, which was
generated by GNU Autoconf 2.68.  Invocation command line was

  CONFIG_FILES    = 
  CONFIG_HEADERS  = 
  CONFIG_LINKS    = 
  CONFIG_COMMANDS = 
  $ ./config.status 

on bakpc

config.status:1200: creating Makefile
config.status:1200: creating snappy-stubs-public.h
config.status:1200: creating config.h
config.status:1429: executing depfiles commands
config.status:1429: executing libtool commands

## ---------------- ##
## Cache variables. ##
## ---------------- ##

ac_cv_build=i686-pc-mingw32
ac_cv_c_bigendian=no
ac_cv_c_compiler_gnu=yes
ac_cv_cxx_compiler_gnu=yes
ac_cv_env_CCC_set=
ac_cv_env_CCC_value=
ac_cv_env_CC_set=
ac_cv_env_CC_value=
ac_cv_env_CFLAGS_set=
ac_cv_env_CFLAGS_value=
ac_cv_env_CPPFLAGS_set=
ac_cv_env_CPPFLAGS_value=
ac_cv_env_CPP_set=
ac_cv_env_CPP_value=
ac_cv_env_CXXCPP_set=
ac_cv_env_CXXCPP_value=
ac_cv_env_CXXFLAGS_set=
ac_cv_env_CXXFLAGS_value=
ac_cv_env_CXX_set=
ac_cv_env_CXX_value=
ac_cv_env_GTEST_CONFIG_set=
ac_cv_env_GTEST_CONFIG_value=
ac_cv_env_GTEST_CPPFLAGS_set=
ac_cv_env_GTEST_CPPFLAGS_value=
ac_cv_env_GTEST_CXXFLAGS_set=
ac_cv_env_GTEST_CXXFLAGS_value=
ac_cv_env_GTEST_LDFLAGS_set=
ac_cv_env_GTEST_LDFLAGS_value=
ac_cv_env_GTEST_LIBS_set=
ac_cv_env_GTEST_LIBS_value=
ac_cv_env_GTEST_VERSION_set=
ac_cv_env_GTEST_VERSION_value=
ac_cv_env_LDFLAGS_set=
ac_cv_env_LDFLAGS_value=
ac_cv_env_LIBS_set=
ac_cv_env_LIBS_value=
ac_cv_env_PKG_CONFIG_LIBDIR_set=
ac_cv_env_PKG_CONFIG_LIBDIR_value=
ac_cv_env_PKG_CONFIG_PATH_set=
ac_cv_env_PKG_CONFIG_PATH_value=
ac_cv_env_PKG_CONFIG_set=
ac_cv_env_PKG_CONFIG_value=
ac_cv_env_build_alias_set=
ac_cv_env_build_alias_value=
ac_cv_env_gflags_CFLAGS_set=
ac_cv_env_gflags_CFLAGS_value=
ac_cv_env_gflags_LIBS_set=
ac_cv_env_gflags_LIBS_value=
ac_cv_env_host_alias_set=
ac_cv_env_host_alias_value=
ac_cv_env_target_alias_set=
ac_cv_env_target_alias_value=
ac_cv_exeext=.exe
ac_cv_func_mmap=no
ac_cv_have_stddef_h=1
ac_cv_have_stdint_h=1
ac_cv_have_sys_uio_h=0
ac_cv_header_byteswap_h=no
ac_cv_header_dlfcn_h=no
ac_cv_header_inttypes_h=yes
ac_cv_header_memory_h=yes
ac_cv_header_stdc=yes
ac_cv_header_stddef_h=yes
ac_cv_header_stdint_h=yes
ac_cv_header_stdlib_h=yes
ac_cv_header_string_h=yes
ac_cv_header_strings_h=yes
ac_cv_header_sys_byteswap_h=no
ac_cv_header_sys_endian_h=no
ac_cv_header_sys_mman_h=no
ac_cv_header_sys_resource_h=no
ac_cv_header_sys_stat_h=yes
ac_cv_header_sys_time_h=yes
ac_cv_header_sys_types_h=yes
ac_cv_header_unistd_h=yes
ac_cv_header_windows_h=yes
ac_cv_host=i686-pc-mingw32
ac_cv_lib_fastlz_fastlz_compress=no
ac_cv_lib_lzf_lzf_compress=no
ac_cv_lib_lzo2_lzo1x_1_15_compress=no
ac_cv_lib_quicklz_qlz_compress=no
ac_cv_lib_z_zlibVersion=yes
ac_cv_objext=o
ac_cv_path_EGREP='/bin/grep -E'
ac_cv_path_FGREP='/bin/grep -F'
ac_cv_path_GREP=/bin/grep
ac_cv_path_SED=/bin/sed
ac_cv_path_ac_pt_PKG_CONFIG=/bin/pkg-config
ac_cv_path_install='/bin/install -c'
ac_cv_path_mkdir=/bin/mkdir
ac_cv_prog_AWK=gawk
ac_cv_prog_CPP='gcc -E'
ac_cv_prog_CXXCPP='g++ -E'
ac_cv_prog_ac_ct_AR=ar
ac_cv_prog_ac_ct_CC=gcc
ac_cv_prog_ac_ct_CXX=g++
ac_cv_prog_ac_ct_DLLTOOL=dlltool
ac_cv_prog_ac_ct_OBJDUMP=objdump
ac_cv_prog_ac_ct_RANLIB=ranlib
ac_cv_prog_ac_ct_STRIP=strip
ac_cv_prog_cc_c89=
ac_cv_prog_cc_g=yes
ac_cv_prog_cxx_g=yes
ac_cv_prog_make_make_set=yes
ac_cv_type_size_t=yes
ac_cv_type_ssize_t=yes
am_cv_CC_dependencies_compiler_type=gcc3
am_cv_CXX_dependencies_compiler_type=gcc3
lt_cv_ar_at_file=@
lt_cv_archive_cmds_need_lc=yes
lt_cv_deplibs_check_method='file_magic ^x86 archive import|^x86 DLL'
lt_cv_file_magic_cmd=func_win32_libid
lt_cv_file_magic_test_file=
lt_cv_ld_reload_flag=-r
lt_cv_nm_interface='BSD nm'
lt_cv_objdir=.libs
lt_cv_path_LD=c:/qt/qt5.0.2/tools/mingw/i686-w64-mingw32/bin/ld.exe
lt_cv_path_LDCXX=c:/qt/qt5.0.2/tools/mingw/i686-w64-mingw32/bin/ld.exe
lt_cv_path_NM=/c/Qt/Qt5.0.2/Tools/MinGW/bin/nm
lt_cv_path_mainfest_tool=no
lt_cv_prog_compiler_c_o=yes
lt_cv_prog_compiler_c_o_CXX=yes
lt_cv_prog_compiler_pic='-DDLL_EXPORT -DPIC'
lt_cv_prog_compiler_pic_CXX='-DDLL_EXPORT -DPIC'
lt_cv_prog_compiler_pic_works=yes
lt_cv_prog_compiler_pic_works_CXX=yes
lt_cv_prog_compiler_rtti_exceptions=no
lt_cv_prog_compiler_static_works=yes
lt_cv_prog_compiler_static_works_CXX=yes
lt_cv_prog_gnu_ld=yes
lt_cv_prog_gnu_ldcxx=yes
lt_cv_sharedlib_from_linklib_cmd=func_cygming_dll_for_implib
lt_cv_sys_global_symbol_pipe='sed -n -e '\''s/^.*[	 ]\([ABCDGIRSTW][ABCDGIRSTW]*\)[	 ][	 ]*_\([_A-Za-z][_A-Za-z0-9]*\)\{0,1\}$/\1 _\2 \2/p'\'' | sed '\''/ __gnu_lto/d'\'''
lt_cv_sys_global_symbol_to_c_name_address='sed -n -e '\''s/^: \([^ ]*\)[ ]*$/  {\"\1\", (void *) 0},/p'\'' -e '\''s/^[ABCDGIRSTW]* \([^ ]*\) \([^ ]*\)$/  {"\2", (void *) \&\2},/p'\'''
lt_cv_sys_global_symbol_to_c_name_address_lib_prefix='sed -n -e '\''s/^: \([^ ]*\)[ ]*$/  {\"\1\", (void *) 0},/p'\'' -e '\''s/^[ABCDGIRSTW]* \([^ ]*\) \(lib[^ ]*\)$/  {"\2", (void *) \&\2},/p'\'' -e '\''s/^[ABCDGIRSTW]* \([^ ]*\) \([^ ]*\)$/  {"lib\2", (void *) \&\2},/p'\'''
lt_cv_sys_global_symbol_to_cdecl='sed -n -e '\''s/^T .* \(.*\)$/extern int \1();/p'\'' -e '\''s/^[ABCDGIRSTW]* .* \(.*\)$/extern char \1;/p'\'''
lt_cv_sys_max_cmd_len=8192
lt_cv_to_host_file_cmd=func_convert_file_msys_to_w32
lt_cv_to_tool_file_cmd=func_convert_file_msys_to_w32

## ----------------- ##
## Output variables. ##
## ----------------- ##

ACLOCAL='${SHELL} /c/koding/ozifi/contrib/snappy/missing --run aclocal-1.11'
AMDEPBACKSLASH='\'
AMDEP_FALSE='#'
AMDEP_TRUE=''
AMTAR='$${TAR-tar}'
AR='ar'
AUTOCONF='${SHELL} /c/koding/ozifi/contrib/snappy/missing --run autoconf'
AUTOHEADER='${SHELL} /c/koding/ozifi/contrib/snappy/missing --run autoheader'
AUTOMAKE='${SHELL} /c/koding/ozifi/contrib/snappy/missing --run automake-1.11'
AWK='gawk'
CC='gcc'
CCDEPMODE='depmode=gcc3'
CFLAGS='-g -O2'
CPP='gcc -E'
CPPFLAGS=''
CXX='g++'
CXXCPP='g++ -E'
CXXDEPMODE='depmode=gcc3'
CXXFLAGS='-g -O2'
CYGPATH_W='echo'
DEFS='-DHAVE_CONFIG_H'
DEPDIR='.deps'
DLLTOOL='dlltool'
DSYMUTIL=''
DUMPBIN=''
ECHO_C=''
ECHO_N='-n'
ECHO_T=''
EGREP='/bin/grep -E'
EXEEXT='.exe'
FGREP='/bin/grep -F'
GREP='/bin/grep'
GTEST_CONFIG=''
GTEST_CPPFLAGS=''
GTEST_CXXFLAGS=''
GTEST_LDFLAGS=''
GTEST_LIBS=''
GTEST_VERSION=''
HAVE_GTEST='no'
HAVE_GTEST_FALSE=''
HAVE_GTEST_TRUE='#'
INSTALL_DATA='${INSTALL} -m 644'
INSTALL_PROGRAM='${INSTALL}'
INSTALL_SCRIPT='${INSTALL}'
INSTALL_STRIP_PROGRAM='$(install_sh) -c -s'
LD='c:/qt/qt5.0.2/tools/mingw/i686-w64-mingw32/bin/ld.exe'
LDFLAGS=''
LIBOBJS=''
LIBS=''
LIBTOOL='$(SHELL) $(top_builddir)/libtool'
LIBTOOL_DEPS='./ltmain.sh'
LIPO=''
LN_S='cp -p'
LTLIBOBJS=''
MAKEINFO='${SHELL} /c/koding/ozifi/contrib/snappy/missing --run makeinfo'
MANIFEST_TOOL=':'
MKDIR_P='/bin/mkdir -p'
NM='/c/Qt/Qt5.0.2/Tools/MinGW/bin/nm'
NMEDIT=''
OBJDUMP='objdump'
OBJEXT='o'
OTOOL64=''
OTOOL=''
PACKAGE='snappy'
PACKAGE_BUGREPORT=''
PACKAGE_NAME='snappy'
PACKAGE_STRING='snappy 1.1.1'
PACKAGE_TARNAME='snappy'
PACKAGE_URL=''
PACKAGE_VERSION='1.1.1'
PATH_SEPARATOR=':'
PKG_CONFIG='/bin/pkg-config'
PKG_CONFIG_LIBDIR=''
PKG_CONFIG_PATH=''
RANLIB='ranlib'
SED='/bin/sed'
SET_MAKE=''
SHELL='/bin/sh'
SNAPPY_LTVERSION='3:0:2'
SNAPPY_MAJOR='1'
SNAPPY_MINOR='1'
SNAPPY_PATCHLEVEL='1'
STRIP='strip'
UNITTEST_LIBS='-lz '
VERSION='1.1.1'
ac_ct_AR='ar'
ac_ct_CC='gcc'
ac_ct_CXX='g++'
ac_ct_DUMPBIN=''
ac_cv_have_stddef_h='1'
ac_cv_have_stdint_h='1'
ac_cv_have_sys_uio_h='0'
am__EXEEXT_FALSE='#'
am__EXEEXT_TRUE=''
am__fastdepCC_FALSE='#'
am__fastdepCC_TRUE=''
am__fastdepCXX_FALSE='#'
am__fastdepCXX_TRUE=''
am__include='include'
am__isrc=''
am__leading_dot='.'
am__nodep='_no'
am__quote=''
am__tar='$${TAR-tar} chof - "$$tardir"'
am__untar='$${TAR-tar} xf -'
bindir='${exec_prefix}/bin'
build='i686-pc-mingw32'
build_alias=''
build_cpu='i686'
build_os='mingw32'
build_vendor='pc'
datadir='${datarootdir}'
datarootdir='${prefix}/share'
docdir='${datarootdir}/doc/${PACKAGE_TARNAME}'
dvidir='${docdir}'
exec_prefix='${prefix}'
gflags_CFLAGS=''
gflags_LIBS=''
host='i686-pc-mingw32'
host_alias=''
host_cpu='i686'
host_os='mingw32'
host_vendor='pc'
htmldir='${docdir}'
includedir='${prefix}/include'
infodir='${datarootdir}/info'
install_sh='${SHELL} /c/koding/ozifi/contrib/snappy/install-sh'
libdir='${exec_prefix}/lib'
libexecdir='${exec_prefix}/libexec'
localedir='${datarootdir}/locale'
localstatedir='${prefix}/var'
mandir='${datarootdir}/man'
mkdir_p='/bin/mkdir -p'
oldincludedir='/usr/include'
pdfdir='${docdir}'
prefix='/usr/local'
program_transform_name='s,x,x,'
psdir='${docdir}'
sbindir='${exec_prefix}/sbin'
sharedstatedir='${prefix}/com'
sysconfdir='${prefix}/etc'
target_alias=''

## ----------- ##
## confdefs.h. ##
## ----------- ##

/* confdefs.h */
#define PACKAGE_NAME "snappy"
#define PACKAGE_TARNAME "snappy"
#define PACKAGE_VERSION "1.1.1"
#define PACKAGE_STRING "snappy 1.1.1"
#define PACKAGE_BUGREPORT ""
#define PACKAGE_URL ""
#define PACKAGE "snappy"
#define VERSION "1.1.1"
#define STDC_HEADERS 1
#define HAVE_SYS_TYPES_H 1
#define HAVE_SYS_STAT_H 1
#define HAVE_STDLIB_H 1
#define HAVE_STRING_H 1
#define HAVE_MEMORY_H 1
#define HAVE_STRINGS_H 1
#define HAVE_INTTYPES_H 1
#define HAVE_STDINT_H 1
#define HAVE_UNISTD_H 1
#define LT_OBJDIR ".libs/"
#define HAVE_STDINT_H 1
#define HAVE_STDDEF_H 1
#define HAVE_WINDOWS_H 1
#define HAVE_SYS_TIME_H 1
#define HAVE_BUILTIN_EXPECT 1
#define HAVE_BUILTIN_CTZ 1
#define HAVE_LIBZ 1

configure: exit 0
