#ifdef OPENGL_ES
#ifdef GL_FRAGMENT_PRECISION_HIGH
precision highp float;
#else
precision mediump float;
#endif
#endif

#ifndef DIRECTIONAL_LIGHT_COUNT
#define DIRECTIONAL_LIGHT_COUNT 0
#endif
#ifndef SPOT_LIGHT_COUNT
#define SPOT_LIGHT_COUNT 0
#endif
#ifndef POINT_LIGHT_COUNT
#define POINT_LIGHT_COUNT 0
#endif
#if (DIRECTIONAL_LIGHT_COUNT > 0) || (POINT_LIGHT_COUNT > 0) || (SPOT_LIGHT_COUNT > 0)
#define LIGHTING
#endif

///////////////////////////////////////////////////////////
// Uniforms
uniform vec3 u_ambientColor;
uniform vec4 u_diffuseColor;

#if defined(LIGHTMAP)
uniform sampler2D u_lightmapTexture;
#endif

#if defined(LIGHTING)

#if (DIRECTIONAL_LIGHT_COUNT > 0)
uniform vec3 u_directionalLightColor[DIRECTIONAL_LIGHT_COUNT];
uniform vec3 u_directionalLightDirection[DIRECTIONAL_LIGHT_COUNT];
#endif

#if (POINT_LIGHT_COUNT > 0)
uniform vec3 u_pointLightColor[POINT_LIGHT_COUNT];
uniform vec3 u_pointLightPosition[POINT_LIGHT_COUNT];
uniform float u_pointLightRangeInverse[POINT_LIGHT_COUNT];
#endif

#if (SPOT_LIGHT_COUNT > 0)
uniform vec3 u_spotLightColor[SPOT_LIGHT_COUNT];
uniform vec3 u_spotLightDirection[SPOT_LIGHT_COUNT];
uniform float u_spotLightRangeInverse[SPOT_LIGHT_COUNT];
uniform float u_spotLightInnerAngleCos[SPOT_LIGHT_COUNT];
uniform float u_spotLightOuterAngleCos[SPOT_LIGHT_COUNT];
#endif

#if defined(SPECULAR)
uniform float u_specularExponent;
#endif

#endif

#if defined(MODULATE_COLOR)
uniform vec4 u_modulateColor;
#endif

#if defined(MODULATE_ALPHA)
uniform float u_modulateAlpha;
#endif

///////////////////////////////////////////////////////////
// Variables
vec4 _baseColor;

///////////////////////////////////////////////////////////
// Varyings
#if defined(VERTEX_COLOR)
varying vec3 v_color;
#endif

#if defined(LIGHTING)

varying vec3 v_normalVector;

#if (POINT_LIGHT_COUNT > 0)
varying vec3 v_vertexToPointLightDirection[POINT_LIGHT_COUNT];
#endif

#if (SPOT_LIGHT_COUNT > 0)
varying vec3 v_vertexToSpotLightDirection[SPOT_LIGHT_COUNT];
#endif

#if defined(SPECULAR)
varying vec3 v_cameraDirection; 
#endif


vec3 computeLighting(vec3 normalVector, vec3 lightDirection, vec3 lightColor, float attenuation)
{
    float diffuse = max(dot(normalVector, lightDirection), 0.0);
     vec3 diffuseColor = lightColor * _baseColor.rgb * diffuse * attenuation;

    #if defined(SPECULAR)

	// Phong shading
    //vec3 vertexToEye = normalize(v_cameraDirection);
    //vec3 specularAngle = normalize(normalVector * diffuse * 2.0 - lightDirection);  
    //vec3 specularColor = vec3(pow(clamp(dot(specularAngle, vertexToEye), 0.0, 1.0), u_specularExponent)); 

    // Blinn-Phong shading
    vec3 vertexToEye = normalize(v_cameraDirection);
    vec3 halfVector = normalize(lightDirection + vertexToEye);
    float specularAngle = clamp(dot(normalVector, halfVector), 0.0, 1.0);
    vec3 specularColor = vec3(pow(specularAngle, u_specularExponent)) * attenuation * 0.7;
    
    
    return diffuseColor + specularColor;
    
    
    #else
    
    return diffuseColor;
    
    #endif
}

vec3 getLitPixel()
{
    #if defined(BUMPED)
    
    vec3 normalVector = normalize(texture2D(u_normalmapTexture, v_texCoord).rgb * 2.0 - 1.0);
    
    #else
    
    vec3 normalVector = normalize(v_normalVector);
    
    #endif
    
    vec3 ambientColor = _baseColor.rgb * u_ambientColor;
    vec3 combinedColor = ambientColor;

    // Directional light contribution
    #if (DIRECTIONAL_LIGHT_COUNT > 0)
    for (int i = 0; i < DIRECTIONAL_LIGHT_COUNT; ++i)
    {
        #if defined(BUMPED)
        vec3 lightDirection = normalize(v_directionalLightDirection[i] * 2.0);
        #else
        vec3 lightDirection = normalize(u_directionalLightDirection[i] * 2.0);
        #endif 
        combinedColor += computeLighting(normalVector, -lightDirection, u_directionalLightColor[i], 1.0);
    }
    #endif

    // Point light contribution
    #if (POINT_LIGHT_COUNT > 0)
    for (int i = 0; i < POINT_LIGHT_COUNT; ++i)
    {
        vec3 ldir = v_vertexToPointLightDirection[i] * u_pointLightRangeInverse[i];
        float attenuation = clamp(1.0 - dot(ldir, ldir), 0.0, 1.0);
        combinedColor += computeLighting(normalVector, normalize(v_vertexToPointLightDirection[i]), u_pointLightColor[i], attenuation);
    }
    #endif

    // Spot light contribution
    #if (SPOT_LIGHT_COUNT > 0)
    for (int i = 0; i < SPOT_LIGHT_COUNT; ++i)
    {
        // Compute range attenuation
        vec3 ldir = v_vertexToSpotLightDirection[i] * u_spotLightRangeInverse[i];
        float attenuation = clamp(1.0 - dot(ldir, ldir), 0.0, 1.0);
        vec3 vertexToSpotLightDirection = normalize(v_vertexToSpotLightDirection[i]);

        #if defined(BUMPED)
            vec3 spotLightDirection = normalize(v_spotLightDirection[i] * 2.0);
        #else
            vec3 spotLightDirection = normalize(u_spotLightDirection[i] * 2.0);
        #endif

        // "-lightDirection" is used because light direction points in opposite direction to spot direction.
        float spotCurrentAngleCos = dot(spotLightDirection, -vertexToSpotLightDirection);

		// Apply spot attenuation
        attenuation *= smoothstep(u_spotLightOuterAngleCos[i], u_spotLightInnerAngleCos[i], spotCurrentAngleCos);
        combinedColor += computeLighting(normalVector, vertexToSpotLightDirection, u_spotLightColor[i], attenuation);
    }
    #endif

    return combinedColor;
}


#endif


void main()
{
    
    #if defined(LIGHTING)

    #if defined(VERTEX_COLOR)
	_baseColor.rgb = v_color;
    #else
    _baseColor = u_diffuseColor;
	#endif
    
    gl_FragColor.a = _baseColor.a;
    gl_FragColor.rgb = getLitPixel();
    gl_FragColor.rgb = vec3(1, 1, 1);
    gl_FragColor.a = 1;
    
    #else
    
    #if defined(VERTEX_COLOR)
    gl_FragColor.rgb = v_color;
    gl_FragColor.a = 1.0;
    #else
    gl_FragColor = u_diffuseColor;
    #endif
    
    #endif

	#if defined(LIGHTMAP)
	vec4 lightColor = texture2D(u_lightmapTexture, v_texCoord1);
	gl_FragColor.rgb *= lightColor.rgb;
	#endif

	#if defined(MODULATE_COLOR)
    gl_FragColor *= u_modulateColor;
    #endif

	#if defined(MODULATE_ALPHA)
    gl_FragColor.a *= u_modulateAlpha;
    #endif
}

